{"/Users/abwu/sendbox/egg-example/app/router.js": {"path":"/Users/abwu/sendbox/egg-example/app/router.js","statementMap":{"0":{"start":{"line":1,"column":0},"end":{"line":6,"column":1}},"1":{"start":{"line":2,"column":35},"end":{"line":2,"column":38}},"2":{"start":{"line":4,"column":4},"end":{"line":4,"column":42}},"3":{"start":{"line":5,"column":4},"end":{"line":5,"column":45}}},"fnMap":{"0":{"name":"(anonymous_0)","decl":{"start":{"line":1,"column":17},"end":{"line":1,"column":18}},"loc":{"start":{"line":1,"column":24},"end":{"line":6,"column":1}},"line":1}},"branchMap":{},"s":{"0":1,"1":1,"2":1,"3":1},"f":{"0":1},"b":{},"_coverageSchema":"43e27e138ebf9cfc5966b082cf9a028302ed4184","hash":"51405a5835c9b1355044e0a8327194f7e039c8b6","contentHash":"e378ec41ef0468f3bad5b9dea81be85794317c04f44525ed66c5faff5927d756"}
,"/Users/abwu/sendbox/egg-example/app/controller/home.js": {"path":"/Users/abwu/sendbox/egg-example/app/controller/home.js","statementMap":{"0":{"start":{"line":1,"column":19},"end":{"line":1,"column":44}},"1":{"start":{"line":5,"column":8},"end":{"line":5,"column":38}},"2":{"start":{"line":9,"column":0},"end":{"line":9,"column":31}}},"fnMap":{"0":{"name":"(anonymous_0)","decl":{"start":{"line":4,"column":4},"end":{"line":4,"column":5}},"loc":{"start":{"line":4,"column":18},"end":{"line":6,"column":5}},"line":4}},"branchMap":{},"s":{"0":1,"1":0,"2":1},"f":{"0":0},"b":{},"_coverageSchema":"43e27e138ebf9cfc5966b082cf9a028302ed4184","hash":"6beb24fd5d3843424a0c122ece5b858fc7c575c5","contentHash":"9e2d873aef7a34f8c0bb39c592bb6b9b4766ff1cce1493dd1d194a6643886926"}
,"/Users/abwu/sendbox/egg-example/app/controller/news.js": {"path":"/Users/abwu/sendbox/egg-example/app/controller/news.js","statementMap":{"0":{"start":{"line":1,"column":19},"end":{"line":1,"column":44}},"1":{"start":{"line":17,"column":20},"end":{"line":17,"column":28}},"2":{"start":{"line":18,"column":21},"end":{"line":18,"column":40}},"3":{"start":{"line":19,"column":24},"end":{"line":19,"column":57}},"4":{"start":{"line":20,"column":8},"end":{"line":20,"column":65}},"5":{"start":{"line":24,"column":0},"end":{"line":24,"column":30}}},"fnMap":{"0":{"name":"(anonymous_0)","decl":{"start":{"line":4,"column":4},"end":{"line":4,"column":5}},"loc":{"start":{"line":4,"column":17},"end":{"line":21,"column":5}},"line":4}},"branchMap":{"0":{"loc":{"start":{"line":18,"column":21},"end":{"line":18,"column":40}},"type":"binary-expr","locations":[{"start":{"line":18,"column":21},"end":{"line":18,"column":35}},{"start":{"line":18,"column":39},"end":{"line":18,"column":40}}],"line":18}},"s":{"0":1,"1":0,"2":0,"3":0,"4":0,"5":1},"f":{"0":0},"b":{"0":[0,0]},"_coverageSchema":"43e27e138ebf9cfc5966b082cf9a028302ed4184","hash":"8b6d3c8edb192c37caf80e82f33bc8ed48703ed5","contentHash":"8baa68839f8b215687393d678dfe5262a220c0f795ec17c07271b04bedc52f9f"}
,"/Users/abwu/sendbox/egg-example/app/extend/helper.js": {"path":"/Users/abwu/sendbox/egg-example/app/extend/helper.js","statementMap":{"0":{"start":{"line":2,"column":15},"end":{"line":2,"column":32}},"1":{"start":{"line":3,"column":0},"end":{"line":3,"column":70}},"2":{"start":{"line":3,"column":31},"end":{"line":3,"column":70}}},"fnMap":{"0":{"name":"(anonymous_0)","decl":{"start":{"line":3,"column":23},"end":{"line":3,"column":24}},"loc":{"start":{"line":3,"column":31},"end":{"line":3,"column":70}},"line":3}},"branchMap":{},"s":{"0":1,"1":1,"2":0},"f":{"0":0},"b":{},"_coverageSchema":"43e27e138ebf9cfc5966b082cf9a028302ed4184","hash":"73b9df7fcaf33ff6c1b4575176c7e4c2cc927fa7","contentHash":"d6e2d7f6a50f0747abfd0a4f3c12acf5ca1f8bb71d24d076bc7f54914df0ff8d"}
,"/Users/abwu/sendbox/egg-example/app/middleware/robot.js": {"path":"/Users/abwu/sendbox/egg-example/app/middleware/robot.js","statementMap":{"0":{"start":{"line":4,"column":0},"end":{"line":16,"column":1}},"1":{"start":{"line":5,"column":4},"end":{"line":15,"column":5}},"2":{"start":{"line":6,"column":23},"end":{"line":6,"column":50}},"3":{"start":{"line":7,"column":22},"end":{"line":7,"column":60}},"4":{"start":{"line":7,"column":44},"end":{"line":7,"column":59}},"5":{"start":{"line":9,"column":8},"end":{"line":14,"column":9}},"6":{"start":{"line":10,"column":12},"end":{"line":10,"column":28}},"7":{"start":{"line":11,"column":12},"end":{"line":11,"column":43}},"8":{"start":{"line":13,"column":12},"end":{"line":13,"column":24}}},"fnMap":{"0":{"name":"(anonymous_0)","decl":{"start":{"line":4,"column":17},"end":{"line":4,"column":18}},"loc":{"start":{"line":4,"column":35},"end":{"line":16,"column":1}},"line":4},"1":{"name":"robotMiddleware","decl":{"start":{"line":5,"column":26},"end":{"line":5,"column":41}},"loc":{"start":{"line":5,"column":53},"end":{"line":15,"column":5}},"line":5},"2":{"name":"(anonymous_2)","decl":{"start":{"line":7,"column":38},"end":{"line":7,"column":39}},"loc":{"start":{"line":7,"column":44},"end":{"line":7,"column":59}},"line":7}},"branchMap":{"0":{"loc":{"start":{"line":6,"column":23},"end":{"line":6,"column":50}},"type":"binary-expr","locations":[{"start":{"line":6,"column":23},"end":{"line":6,"column":44}},{"start":{"line":6,"column":48},"end":{"line":6,"column":50}}],"line":6},"1":{"loc":{"start":{"line":9,"column":8},"end":{"line":14,"column":9}},"type":"if","locations":[{"start":{"line":9,"column":8},"end":{"line":14,"column":9}},{"start":{"line":9,"column":8},"end":{"line":14,"column":9}}],"line":9}},"s":{"0":1,"1":1,"2":1,"3":1,"4":2,"5":1,"6":1,"7":1,"8":0},"f":{"0":1,"1":1,"2":2},"b":{"0":[1,0],"1":[1,0]},"_coverageSchema":"43e27e138ebf9cfc5966b082cf9a028302ed4184","hash":"52d922c6cb9f27f45cca4f90a9f214f5067faeed","contentHash":"7fd002f1f991841275a70ee167078a660472438a8bd0518093c36371ef9facbd"}
,"/Users/abwu/sendbox/egg-example/app/service/news.js": {"path":"/Users/abwu/sendbox/egg-example/app/service/news.js","statementMap":{"0":{"start":{"line":1,"column":16},"end":{"line":1,"column":38}},"1":{"start":{"line":5,"column":40},"end":{"line":5,"column":56}},"2":{"start":{"line":7,"column":33},"end":{"line":14,"column":10}},"3":{"start":{"line":16,"column":25},"end":{"line":21,"column":9}},"4":{"start":{"line":18,"column":28},"end":{"line":18,"column":67}},"5":{"start":{"line":19,"column":16},"end":{"line":19,"column":63}},"6":{"start":{"line":23,"column":8},"end":{"line":23,"column":44}},"7":{"start":{"line":23,"column":35},"end":{"line":23,"column":43}},"8":{"start":{"line":27,"column":0},"end":{"line":27,"column":27}}},"fnMap":{"0":{"name":"(anonymous_0)","decl":{"start":{"line":4,"column":4},"end":{"line":4,"column":5}},"loc":{"start":{"line":4,"column":25},"end":{"line":24,"column":5}},"line":4},"1":{"name":"(anonymous_1)","decl":{"start":{"line":17,"column":36},"end":{"line":17,"column":37}},"loc":{"start":{"line":17,"column":43},"end":{"line":20,"column":13}},"line":17},"2":{"name":"(anonymous_2)","decl":{"start":{"line":23,"column":28},"end":{"line":23,"column":29}},"loc":{"start":{"line":23,"column":35},"end":{"line":23,"column":43}},"line":23}},"branchMap":{"0":{"loc":{"start":{"line":4,"column":15},"end":{"line":4,"column":23}},"type":"default-arg","locations":[{"start":{"line":4,"column":22},"end":{"line":4,"column":23}}],"line":4}},"s":{"0":1,"1":0,"2":0,"3":0,"4":0,"5":0,"6":0,"7":0,"8":1},"f":{"0":0,"1":0,"2":0},"b":{"0":[0]},"_coverageSchema":"43e27e138ebf9cfc5966b082cf9a028302ed4184","hash":"475e335a3d6b01073cc35e87c593cb8e114ef771","contentHash":"cef9b7819196aafe76b2e24883a2c2ce14f41d96464bcb9d7a01da601e85929d"}
,"/Users/abwu/sendbox/egg-example/app/service/some.js": {"path":"/Users/abwu/sendbox/egg-example/app/service/some.js","statementMap":{"0":{"start":{"line":1,"column":16},"end":{"line":1,"column":38}},"1":{"start":{"line":5,"column":21},"end":{"line":5,"column":41}},"2":{"start":{"line":9,"column":0},"end":{"line":9,"column":28}}},"fnMap":{"0":{"name":"(anonymous_0)","decl":{"start":{"line":4,"column":4},"end":{"line":4,"column":5}},"loc":{"start":{"line":4,"column":17},"end":{"line":6,"column":5}},"line":4}},"branchMap":{},"s":{"0":1,"1":0,"2":1},"f":{"0":0},"b":{},"_coverageSchema":"43e27e138ebf9cfc5966b082cf9a028302ed4184","hash":"1e71058d972b416ab35bd8efa2eed43481edc6c8","contentHash":"8c7b97ba98dd61e3eaeb9a60962b92002e339e6d9454a04497b8535817b7bf74"}
,"/Users/abwu/sendbox/egg-example/config/config.default.js": {"path":"/Users/abwu/sendbox/egg-example/config/config.default.js","statementMap":{"0":{"start":{"line":6,"column":0},"end":{"line":6,"column":23}},"1":{"start":{"line":9,"column":0},"end":{"line":14,"column":1}},"2":{"start":{"line":17,"column":0},"end":{"line":20,"column":1}},"3":{"start":{"line":23,"column":0},"end":{"line":25,"column":1}},"4":{"start":{"line":28,"column":0},"end":{"line":33,"column":1}}},"fnMap":{},"branchMap":{},"s":{"0":1,"1":1,"2":1,"3":1,"4":1},"f":{},"b":{},"_coverageSchema":"43e27e138ebf9cfc5966b082cf9a028302ed4184","hash":"08439e323ed3d245c3d2279720fbdee8dc944b56","contentHash":"2340f82a0c8239ca31e9cb9d3969c54320459892bf77c0ecbed32ab295f07568"}
,"/Users/abwu/sendbox/egg-example/config/plugin.js": {"path":"/Users/abwu/sendbox/egg-example/config/plugin.js","statementMap":{"0":{"start":{"line":1,"column":0},"end":{"line":4,"column":1}}},"fnMap":{},"branchMap":{},"s":{"0":1},"f":{},"b":{},"_coverageSchema":"43e27e138ebf9cfc5966b082cf9a028302ed4184","hash":"3baa596057423d38401117d103fd25a97c0c21b1","contentHash":"f0c5caf40edafb3e801718a17dd2ea8d61e2ce7b83bda47478a2d9cac42cbc4a"}
}
