TN:
SF:/Users/abwu/sendbox/egg-example/app/router.js
FN:1,(anonymous_0)
FNF:1
FNH:1
FNDA:1,(anonymous_0)
DA:1,1
DA:2,1
DA:4,1
DA:5,1
LF:4
LH:4
BRF:0
BRH:0
end_of_record
TN:
SF:/Users/abwu/sendbox/egg-example/app/controller/home.js
FN:4,(anonymous_0)
FNF:1
FNH:0
FNDA:0,(anonymous_0)
DA:1,1
DA:5,0
DA:9,1
LF:3
LH:2
BRF:0
BRH:0
end_of_record
TN:
SF:/Users/abwu/sendbox/egg-example/app/controller/news.js
FN:4,(anonymous_0)
FNF:1
FNH:0
FNDA:0,(anonymous_0)
DA:1,1
DA:17,0
DA:18,0
DA:19,0
DA:20,0
DA:24,1
LF:6
LH:2
BRDA:18,0,0,0
BRDA:18,0,1,0
BRF:2
BRH:0
end_of_record
TN:
SF:/Users/abwu/sendbox/egg-example/app/extend/helper.js
FN:3,(anonymous_0)
FNF:1
FNH:0
FNDA:0,(anonymous_0)
DA:2,1
DA:3,1
LF:2
LH:2
BRF:0
BRH:0
end_of_record
TN:
SF:/Users/abwu/sendbox/egg-example/app/middleware/robot.js
FN:4,(anonymous_0)
FN:5,robotMiddleware
FN:7,(anonymous_2)
FNF:3
FNH:3
FNDA:1,(anonymous_0)
FNDA:1,robotMiddleware
FNDA:2,(anonymous_2)
DA:4,1
DA:5,1
DA:6,1
DA:7,2
DA:9,1
DA:10,1
DA:11,1
DA:13,0
LF:8
LH:7
BRDA:6,0,0,1
BRDA:6,0,1,0
BRDA:9,1,0,1
BRDA:9,1,1,0
BRF:4
BRH:2
end_of_record
TN:
SF:/Users/abwu/sendbox/egg-example/app/service/news.js
FN:4,(anonymous_0)
FN:17,(anonymous_1)
FN:23,(anonymous_2)
FNF:3
FNH:0
FNDA:0,(anonymous_0)
FNDA:0,(anonymous_1)
FNDA:0,(anonymous_2)
DA:1,1
DA:5,0
DA:7,0
DA:16,0
DA:18,0
DA:19,0
DA:23,0
DA:27,1
LF:8
LH:2
BRDA:4,0,0,0
BRF:1
BRH:0
end_of_record
TN:
SF:/Users/abwu/sendbox/egg-example/app/service/some.js
FN:4,(anonymous_0)
FNF:1
FNH:0
FNDA:0,(anonymous_0)
DA:1,1
DA:5,0
DA:9,1
LF:3
LH:2
BRF:0
BRH:0
end_of_record
TN:
SF:/Users/abwu/sendbox/egg-example/config/config.default.js
FNF:0
FNH:0
DA:6,1
DA:9,1
DA:17,1
DA:23,1
DA:28,1
LF:5
LH:5
BRF:0
BRH:0
end_of_record
TN:
SF:/Users/abwu/sendbox/egg-example/config/plugin.js
FNF:0
FNH:0
DA:1,1
LF:1
LH:1
BRF:0
BRH:0
end_of_record
